#
# A fatal error has been detected by the Java Runtime Environment:
#
#  SIGSEGV (0xb) at pc=0x00007fff5d1cf59e, pid=16047, tid=775
#
# JRE version: Java(TM) SE Runtime Environment (8.0_73-b02) (build 1.8.0_73-b02)
# Java VM: Java HotSpot(TM) 64-Bit Server VM (25.73-b02 mixed mode bsd-amd64 compressed oops)
# Problematic frame:
# C  [GLEngine+0x14859e]  gleRunVertexSubmitImmediate+0x23fe
#
# Failed to write core dump. Core dumps have been disabled. To enable core dumping, try "ulimit -c unlimited" before starting Java again
#
# If you would like to submit a bug report, please visit:
#   http://bugreport.java.com/bugreport/crash.jsp
# The crash happened outside the Java Virtual Machine in native code.
# See problematic frame for where to report the bug.
#

---------------  T H R E A D  ---------------

Current thread (0x00007f7f4b020000):  JavaThread "main" [_thread_in_native, id=775, stack(0x00007ffee9889000,0x00007ffeea089000)]

siginfo: si_signo: 11 (SIGSEGV), si_code: 1 (SEGV_MAPERR), si_addr: 0x0000000000000008

Registers:
RAX=0x0000000000000006, RBX=0x0000000000000006, RCX=0x00007fff5d1d0bf8, RDX=0x0000000000000003
RSP=0x00007ffeea081520, RBP=0x00007ffeea081740, RSI=0x0000000003300000, RDI=0x00007fff5d1cec86
R8 =0x0000000000000c33, R9 =0x0000000000000006, R10=0x000000018660108b, R11=0x00007f7f4c312d60
R12=0x0000000000000000, R13=0x0000000002116000, R14=0x0000000000000000, R15=0x00007f7f50001400
RIP=0x00007fff5d1cf59e, EFLAGS=0x0000000000010297, ERR=0x0000000000000004
  TRAPNO=0x000000000000000e

Top of Stack: (sp=0x00007ffeea081520)
0x00007ffeea081520:   d4cb3d59e5de0046 0000000000000002
0x00007ffeea081530:   00007f7f50001540 00007f7f50001570
0x00007ffeea081540:   00007f7f50001590 00007f7f50001550
0x00007ffeea081550:   00007f7f50001580 00007f7f50001560
0x00007ffeea081560:   00007f7f500015a0 0000000000000001
0x00007ffeea081570:   00000000ffffffff 0000000050001920
0x00007ffeea081580:   003e000001003ff7 0000000000000000
0x00007ffeea081590:   0f30000a00108031 00007f7f4bb33648
0x00007ffeea0815a0:   00007f7f4bb29400 00007f7f50001400
0x00007ffeea0815b0:   0000000000000000 00000000fffffffe
0x00007ffeea0815c0:   00000c3300845800 0000000000000000
0x00007ffeea0815d0:   00000000ea081660 0000000000000000
0x00007ffeea0815e0:   0000000000000000 00007f7f4c312d60
0x00007ffeea0815f0:   00007ffeea0816d8 00007f7f50001590
0x00007ffeea081600:   000000037a000003 0000000000000000
0x00007ffeea081610:   0000000000000000 0000000000000000
0x00007ffeea081620:   0000000000000000 0000000000000000
0x00007ffeea081630:   d4cb3d59e5de0046 0000000000000c33
0x00007ffeea081640:   00007f7f50001590 00007f7f50001590
0x00007ffeea081650:   0000000000000000 0000000000000000
0x00007ffeea081660:   00007ffeea0816b0 0000000126b61620
0x00007ffeea081670:   d4cb3d591000f010 500015904bb29400
0x00007ffeea081680:   5000159050001590 0000000650001590
0x00007ffeea081690:   00007f7f4bb2d338 00007f7f4bb2d160
0x00007ffeea0816a0:   0000000000000020 0000000000001ff8
0x00007ffeea0816b0:   0000000000000000 0000000000000000
0x00007ffeea0816c0:   0000000000000000 00007f7f4bb2a230
0x00007ffeea0816d0:   0000000000000000 000000012567b000
0x00007ffeea0816e0:   000000012567b060 0000000000000000
0x00007ffeea0816f0:   00007f7f500051a0 00007f7f500053b0
0x00007ffeea081700:   00007f7f5081e3a0 0000000000000000
0x00007ffeea081710:   d4cb3d59e5de0046 0000000000000000 

Instructions: (pc=0x00007fff5d1cf59e)
0x00007fff5d1cf57e:   2a e1 66 0f 7e a5 2c ff ff ff 66 0f 7e a5 3c ff
0x00007fff5d1cf58e:   ff ff 89 f1 e9 19 04 00 00 89 f1 e9 12 04 00 00
0x00007fff5d1cf59e:   f3 41 0f 10 44 24 08 f2 41 0f 10 2c 24 66 0f 14
0x00007fff5d1cf5ae:   e8 e9 bc 05 00 00 89 f1 e9 f5 03 00 00 85 c9 0f 

Register to memory mapping:

RAX=0x0000000000000006 is an unknown value
RBX=0x0000000000000006 is an unknown value
RCX=0x00007fff5d1d0bf8: gleRunVertexSubmitImmediate+0x3a58 in /System/Library/Frameworks/OpenGL.framework/Versions/A/Resources/GLEngine.bundle/GLEngine at 0x00007fff5d087000
RDX=0x0000000000000003 is an unknown value
RSP=0x00007ffeea081520 is pointing into the stack for thread: 0x00007f7f4b020000
RBP=0x00007ffeea081740 is pointing into the stack for thread: 0x00007f7f4b020000
RSI=0x0000000003300000 is an unknown value
RDI=0x00007fff5d1cec86: gleRunVertexSubmitImmediate+0x1ae6 in /System/Library/Frameworks/OpenGL.framework/Versions/A/Resources/GLEngine.bundle/GLEngine at 0x00007fff5d087000
R8 =0x0000000000000c33 is an unknown value
R9 =0x0000000000000006 is an unknown value
R10=0x000000018660108b is an unknown value
R11=0x00007f7f4c312d60 is an unknown value
R12=0x0000000000000000 is an unknown value
R13=0x0000000002116000 is an unknown value
R14=0x0000000000000000 is an unknown value
R15=0x00007f7f50001400 is an unknown value


Stack: [0x00007ffee9889000,0x00007ffeea089000],  sp=0x00007ffeea081520,  free space=8161k
Native frames: (J=compiled Java code, j=interpreted, Vv=VM code, C=native code)
C  [GLEngine+0x14859e]  gleRunVertexSubmitImmediate+0x23fe
C  [GLEngine+0x2691b]  glDrawArrays_Exec+0x37b
j  org.lwjgl.opengl.GL11.glDrawArrays(III)V+0
j  com.gussiaas.window.main.Window.start()V+406
j  com.gussiaas.window.main.Window.main([Ljava/lang/String;)V+7
v  ~StubRoutines::call_stub
V  [libjvm.dylib+0x2eae7a]  JavaCalls::call_helper(JavaValue*, methodHandle*, JavaCallArguments*, Thread*)+0x6ae
V  [libjvm.dylib+0x321bec]  jni_invoke_static(JNIEnv_*, JavaValue*, _jobject*, JNICallType, _jmethodID*, JNI_ArgumentPusher*, Thread*)+0x1bf
V  [libjvm.dylib+0x31a966]  jni_CallStaticVoidMethod+0x15d
C  [java+0x393e]  JavaMain+0x9b1
C  [java+0x559c]  -[JavaLaunchHelper launchJava:]+0x2a
C  [Foundation+0x682b5]  __NSThreadPerformPerform+0x14e
C  [CoreFoundation+0xa3a61]  __CFRUNLOOP_IS_CALLING_OUT_TO_A_SOURCE0_PERFORM_FUNCTION__+0x11
C  [CoreFoundation+0x15d47c]  __CFRunLoopDoSource0+0x6c
C  [CoreFoundation+0x864c0]  __CFRunLoopDoSources0+0xd0
C  [CoreFoundation+0x8593d]  __CFRunLoopRun+0x50d
C  [CoreFoundation+0x851a3]  CFRunLoopRunSpecific+0x1e3
C  [java+0x6463]  CreateExecutionEnvironment+0x367
C  [java+0x21ac]  JLI_Launch+0x7a0
C  [java+0x84c0]  main+0x65
C  [java+0x1a04]  start+0x34
C  0x0000000000000008

Java frames: (J=compiled Java code, j=interpreted, Vv=VM code)
j  org.lwjgl.opengl.GL11.glDrawArrays(III)V+0
j  com.gussiaas.window.main.Window.start()V+406
j  com.gussiaas.window.main.Window.main([Ljava/lang/String;)V+7
v  ~StubRoutines::call_stub

---------------  P R O C E S S  ---------------

Java Threads: ( => current thread )
  0x00007f7f4e80a000 JavaThread "Service Thread" daemon [_thread_blocked, id=21763, stack(0x0000700004079000,0x0000700004179000)]
  0x00007f7f4b062800 JavaThread "C1 CompilerThread3" daemon [_thread_blocked, id=15363, stack(0x0000700003f76000,0x0000700004076000)]
  0x00007f7f4b061800 JavaThread "C2 CompilerThread2" daemon [_thread_blocked, id=14851, stack(0x0000700003e73000,0x0000700003f73000)]
  0x00007f7f4b061000 JavaThread "C2 CompilerThread1" daemon [_thread_blocked, id=15875, stack(0x0000700003d70000,0x0000700003e70000)]
  0x00007f7f4b05f000 JavaThread "C2 CompilerThread0" daemon [_thread_blocked, id=14339, stack(0x0000700003c6d000,0x0000700003d6d000)]
  0x00007f7f4a803800 JavaThread "JDWP Command Reader" daemon [_thread_in_native, id=14083, stack(0x0000700003b6a000,0x0000700003c6a000)]
  0x00007f7f4b05e800 JavaThread "JDWP Event Helper Thread" daemon [_thread_blocked, id=16899, stack(0x0000700003a67000,0x0000700003b67000)]
  0x00007f7f4b038000 JavaThread "JDWP Transport Listener: dt_socket" daemon [_thread_blocked, id=13831, stack(0x0000700003964000,0x0000700003a64000)]
  0x00007f7f4b05b000 JavaThread "Signal Dispatcher" daemon [_thread_blocked, id=17419, stack(0x0000700003861000,0x0000700003961000)]
  0x00007f7f4b814000 JavaThread "Finalizer" daemon [_thread_blocked, id=19715, stack(0x00007000036db000,0x00007000037db000)]
  0x00007f7f4b813800 JavaThread "Reference Handler" daemon [_thread_blocked, id=11779, stack(0x00007000035d8000,0x00007000036d8000)]
=>0x00007f7f4b020000 JavaThread "main" [_thread_in_native, id=775, stack(0x00007ffee9889000,0x00007ffeea089000)]

Other Threads:
  0x00007f7f4c835000 VMThread [stack: 0x00007000034d5000,0x00007000035d5000] [id=20227]
  0x00007f7f4e02a800 WatcherThread [stack: 0x000070000417c000,0x000070000427c000] [id=43267]

VM state:not at safepoint (normal execution)

VM Mutex/Monitor currently owned by a thread: None

Heap:
 PSYoungGen      total 76288K, used 23928K [0x000000076ab00000, 0x0000000770000000, 0x00000007c0000000)
  eden space 65536K, 36% used [0x000000076ab00000,0x000000076c25e0c0,0x000000076eb00000)
  from space 10752K, 0% used [0x000000076f580000,0x000000076f580000,0x0000000770000000)
  to   space 10752K, 0% used [0x000000076eb00000,0x000000076eb00000,0x000000076f580000)
 ParOldGen       total 175104K, used 0K [0x00000006c0000000, 0x00000006cab00000, 0x000000076ab00000)
  object space 175104K, 0% used [0x00000006c0000000,0x00000006c0000000,0x00000006cab00000)
 Metaspace       used 7202K, capacity 7387K, committed 7424K, reserved 1056768K
  class space    used 656K, capacity 748K, committed 768K, reserved 1048576K

Card table byte_map: [0x0000000107fea000,0x00000001087eb000] byte_map_base: 0x00000001049ea000

Marking Bits: (ParMarkBitMap*) 0x00000001074e3ea0
 Begin Bits: [0x0000000108d41000, 0x000000010cd41000)
 End Bits:   [0x000000010cd41000, 0x0000000110d41000)

Polling page: 0x0000000105bfb000

CodeCache: size=245760Kb used=3236Kb max_used=3278Kb free=242523Kb
 bounds [0x0000000111fc9000, 0x0000000112309000, 0x0000000120fc9000]
 total_blobs=1486 nmethods=727 adapters=681
 compilation: enabled

Compilation events (10 events):
Event: 0.848 Thread 0x00007f7f4b062800  724       3       java.lang.invoke.MethodType::erase (8 bytes)
Event: 0.848 Thread 0x00007f7f4b062800 nmethod 724 0x00000001122d5590 code [0x00000001122d5700, 0x00000001122d58f0]
Event: 0.848 Thread 0x00007f7f4b062800  725       3       java.lang.invoke.MemberName::getName (25 bytes)
Event: 0.849 Thread 0x00007f7f4b062800 nmethod 725 0x00000001122e3590 code [0x00000001122e3720, 0x00000001122e3b68]
Event: 0.849 Thread 0x00007f7f4b061800 nmethod 659 0x00000001122e3c50 code [0x00000001122e3e80, 0x00000001122e5298]
Event: 0.852 Thread 0x00007f7f4b062800  726  s    3       java.util.jar.JarFile::getInputStream (89 bytes)
Event: 0.852 Thread 0x00007f7f4b062800 nmethod 726 0x00000001122e2490 code [0x00000001122e26a0, 0x00000001122e3258]
Event: 0.852 Thread 0x00007f7f4b062800  727       3       java.net.URL::toString (5 bytes)
Event: 0.852 Thread 0x00007f7f4b062800 nmethod 727 0x00000001122e1f50 code [0x00000001122e20c0, 0x00000001122e23a8]
Event: 1.129 Thread 0x00007f7f4b05f000 nmethod 662 0x00000001122ef610 code [0x00000001122efd60, 0x00000001122f79a8]

GC Heap History (0 events):
No events

Deoptimization events (3 events):
Event: 0.231 Thread 0x00007f7f4b020000 Uncommon trap: reason=unstable_if action=reinterpret pc=0x00000001120d5a0c method=java.lang.String.hashCode()I @ 14
Event: 0.305 Thread 0x00007f7f4b020000 Uncommon trap: reason=unstable_if action=reinterpret pc=0x00000001120df8a0 method=java.lang.String.indexOf(II)I @ 49
Event: 0.312 Thread 0x00007f7f4b020000 Uncommon trap: reason=unstable_if action=reinterpret pc=0x00000001120db484 method=java.lang.String.indexOf(II)I @ 49

Internal exceptions (10 events):
Event: 0.042 Thread 0x00007f7f4b020000 Exception <a 'java/lang/NoSuchMethodError': Method sun.misc.Unsafe.defineClass(Ljava/lang/String;[BII)Ljava/lang/Class; name or signature does not match> (0x000000076ab12f68) thrown at [/HUDSON3/workspace/8-2-build-macosx-x86_64/jdk8u73/6086/hotspot/src/s
Event: 0.042 Thread 0x00007f7f4b020000 Exception <a 'java/lang/NoSuchMethodError': Method sun.misc.Unsafe.prefetchRead(Ljava/lang/Object;J)V name or signature does not match> (0x000000076ab13250) thrown at [/HUDSON3/workspace/8-2-build-macosx-x86_64/jdk8u73/6086/hotspot/src/share/vm/prims/jni.
Event: 0.322 Thread 0x00007f7f4b020000 Exception <a 'java/lang/NoSuchMethodError': java.lang.Object.lambda$static$0(Ljava/lang/String;)Ljava/lang/Boolean;> (0x000000076b331610) thrown at [/HUDSON3/workspace/8-2-build-macosx-x86_64/jdk8u73/6086/hotspot/src/share/vm/interpreter/linkResolver.cpp,
Event: 0.338 Thread 0x00007f7f4b020000 Exception <a 'java/lang/NoSuchFieldError': method resolution failed> (0x000000076b3a9448) thrown at [/HUDSON3/workspace/8-2-build-macosx-x86_64/jdk8u73/6086/hotspot/src/share/vm/prims/methodHandles.cpp, line 1146]
Event: 0.341 Thread 0x00007f7f4b020000 Exception <a 'java/lang/NoSuchFieldError': method resolution failed> (0x000000076b3b6848) thrown at [/HUDSON3/workspace/8-2-build-macosx-x86_64/jdk8u73/6086/hotspot/src/share/vm/prims/methodHandles.cpp, line 1146]
Event: 0.396 Thread 0x00007f7f4b020000 Exception <a 'java/security/PrivilegedActionException'> (0x000000076b588cb8) thrown at [/HUDSON3/workspace/8-2-build-macosx-x86_64/jdk8u73/6086/hotspot/src/share/vm/prims/jvm.cpp, line 1386]
Event: 0.396 Thread 0x00007f7f4b020000 Exception <a 'java/security/PrivilegedActionException'> (0x000000076b588ec8) thrown at [/HUDSON3/workspace/8-2-build-macosx-x86_64/jdk8u73/6086/hotspot/src/share/vm/prims/jvm.cpp, line 1386]
Event: 0.396 Thread 0x00007f7f4b020000 Exception <a 'java/security/PrivilegedActionException'> (0x000000076b58c168) thrown at [/HUDSON3/workspace/8-2-build-macosx-x86_64/jdk8u73/6086/hotspot/src/share/vm/prims/jvm.cpp, line 1386]
Event: 0.396 Thread 0x00007f7f4b020000 Exception <a 'java/security/PrivilegedActionException'> (0x000000076b58c378) thrown at [/HUDSON3/workspace/8-2-build-macosx-x86_64/jdk8u73/6086/hotspot/src/share/vm/prims/jvm.cpp, line 1386]
Event: 0.519 Thread 0x00007f7f4b020000 Exception <a 'sun/nio/fs/UnixException'> (0x000000076ba94c20) thrown at [/HUDSON3/workspace/8-2-build-macosx-x86_64/jdk8u73/6086/hotspot/src/share/vm/prims/jni.cpp, line 709]

Events (10 events):
Event: 5.319 Executing VM operation: GetOrSetLocal
Event: 5.319 Executing VM operation: GetOrSetLocal done
Event: 11.641 Executing VM operation: GetOrSetLocal
Event: 11.641 Executing VM operation: GetOrSetLocal done
Event: 11.641 Executing VM operation: GetOrSetLocal
Event: 11.641 Executing VM operation: GetOrSetLocal done
Event: 11.642 Executing VM operation: GetOrSetLocal
Event: 11.642 Executing VM operation: GetOrSetLocal done
Event: 11.642 Executing VM operation: GetOrSetLocal
Event: 11.642 Executing VM operation: GetOrSetLocal done


Dynamic libraries:
0x000000002afe3000 	/System/Library/Frameworks/Cocoa.framework/Versions/A/Cocoa
0x000000002afe3000 	/System/Library/Frameworks/Security.framework/Versions/A/Security
0x000000002afe3000 	/System/Library/Frameworks/ApplicationServices.framework/Versions/A/ApplicationServices
0x000000002afe3000 	/usr/lib/libz.1.dylib
0x000000002afe3000 	/usr/lib/libSystem.B.dylib
0x000000002afe3000 	/usr/lib/libobjc.A.dylib
0x000000002afe3000 	/System/Library/Frameworks/CoreFoundation.framework/Versions/A/CoreFoundation
0x000000002afe3000 	/System/Library/Frameworks/Foundation.framework/Versions/C/Foundation
0x000000002afe3000 	/System/Library/Frameworks/AppKit.framework/Versions/C/AppKit
0x000000002afe3000 	/System/Library/Frameworks/CoreData.framework/Versions/A/CoreData
0x000000002afe3000 	/System/Library/PrivateFrameworks/RemoteViewServices.framework/Versions/A/RemoteViewServices
0x000000002afe3000 	/System/Library/PrivateFrameworks/UIFoundation.framework/Versions/A/UIFoundation
0x000000002afe3000 	/System/Library/PrivateFrameworks/DFRFoundation.framework/Versions/A/DFRFoundation
0x000000002afe3000 	/System/Library/Frameworks/Metal.framework/Versions/A/Metal
0x000000002afe3000 	/System/Library/PrivateFrameworks/DesktopServicesPriv.framework/Versions/A/DesktopServicesPriv
0x000000002afe3000 	/usr/lib/libenergytrace.dylib
0x000000002afe3000 	/System/Library/PrivateFrameworks/SkyLight.framework/Versions/A/SkyLight
0x000000002afe3000 	/System/Library/Frameworks/CoreGraphics.framework/Versions/A/CoreGraphics
0x000000002afe3000 	/usr/lib/libScreenReader.dylib
0x000000002afe3000 	/System/Library/Frameworks/Accelerate.framework/Versions/A/Accelerate
0x000000002afe3000 	/System/Library/Frameworks/IOSurface.framework/Versions/A/IOSurface
0x000000002afe3000 	/System/Library/Frameworks/AudioToolbox.framework/Versions/A/AudioToolbox
0x000000002afe3000 	/System/Library/Frameworks/AudioUnit.framework/Versions/A/AudioUnit
0x000000002afe3000 	/System/Library/PrivateFrameworks/DataDetectorsCore.framework/Versions/A/DataDetectorsCore
0x000000002afe3000 	/System/Library/Frameworks/Carbon.framework/Versions/A/Frameworks/HIToolbox.framework/Versions/A/HIToolbox
0x000000002afe3000 	/usr/lib/libicucore.A.dylib
0x000000002afe3000 	/System/Library/Frameworks/QuartzCore.framework/Versions/A/QuartzCore
0x000000002afe3000 	/System/Library/PrivateFrameworks/SignpostNotification.framework/Versions/A/SignpostNotification
0x000000002afe3000 	/System/Library/Frameworks/Carbon.framework/Versions/A/Frameworks/SpeechRecognition.framework/Versions/A/SpeechRecognition
0x000000002afe3000 	/usr/lib/libauto.dylib
0x000000002afe3000 	/usr/lib/libxml2.2.dylib
0x000000002afe3000 	/System/Library/PrivateFrameworks/CoreUI.framework/Versions/A/CoreUI
0x000000002afe3000 	/System/Library/Frameworks/CoreAudio.framework/Versions/A/CoreAudio
0x000000002afe3000 	/System/Library/Frameworks/DiskArbitration.framework/Versions/A/DiskArbitration
0x000000002afe3000 	/usr/lib/liblangid.dylib
0x000000002afe3000 	/System/Library/PrivateFrameworks/MultitouchSupport.framework/Versions/A/MultitouchSupport
0x000000002afe3000 	/System/Library/Frameworks/IOKit.framework/Versions/A/IOKit
0x000000002afe3000 	/usr/lib/libDiagnosticMessagesClient.dylib
0x000000002afe3000 	/System/Library/Frameworks/CoreServices.framework/Versions/A/CoreServices
0x000000002afe3000 	/System/Library/PrivateFrameworks/PerformanceAnalysis.framework/Versions/A/PerformanceAnalysis
0x000000002afe3000 	/System/Library/Frameworks/OpenGL.framework/Versions/A/OpenGL
0x000000002afe3000 	/System/Library/Frameworks/ColorSync.framework/Versions/A/ColorSync
0x000000002afe3000 	/System/Library/Frameworks/CoreImage.framework/Versions/A/CoreImage
0x000000002afe3000 	/System/Library/Frameworks/CoreText.framework/Versions/A/CoreText
0x000000002afe3000 	/System/Library/Frameworks/ImageIO.framework/Versions/A/ImageIO
0x000000002afe3000 	/System/Library/PrivateFrameworks/Backup.framework/Versions/A/Backup
0x000000002afe3000 	/usr/lib/libarchive.2.dylib
0x000000002afe3000 	/System/Library/Frameworks/CFNetwork.framework/Versions/A/CFNetwork
0x000000002afe3000 	/System/Library/Frameworks/SystemConfiguration.framework/Versions/A/SystemConfiguration
0x000000002afe3000 	/usr/lib/libCRFSuite.dylib
0x000000002afe3000 	/usr/lib/libc++.1.dylib
0x000000002afe3000 	/usr/lib/libc++abi.dylib
0x000000002afe3000 	/usr/lib/system/libcache.dylib
0x000000002afe3000 	/usr/lib/system/libcommonCrypto.dylib
0x000000002afe3000 	/usr/lib/system/libcompiler_rt.dylib
0x000000002afe3000 	/usr/lib/system/libcopyfile.dylib
0x000000002afe3000 	/usr/lib/system/libcorecrypto.dylib
0x000000002afe3000 	/usr/lib/system/libdispatch.dylib
0x000000002afe3000 	/usr/lib/system/libdyld.dylib
0x000000002afe3000 	/usr/lib/system/libkeymgr.dylib
0x000000002afe3000 	/usr/lib/system/liblaunch.dylib
0x000000002afe3000 	/usr/lib/system/libmacho.dylib
0x000000002afe3000 	/usr/lib/system/libquarantine.dylib
0x000000002afe3000 	/usr/lib/system/libremovefile.dylib
0x000000002afe3000 	/usr/lib/system/libsystem_asl.dylib
0x000000002afe3000 	/usr/lib/system/libsystem_blocks.dylib
0x000000002afe3000 	/usr/lib/system/libsystem_c.dylib
0x000000002afe3000 	/usr/lib/system/libsystem_configuration.dylib
0x000000002afe3000 	/usr/lib/system/libsystem_coreservices.dylib
0x000000002afe3000 	/usr/lib/system/libsystem_darwin.dylib
0x000000002afe3000 	/usr/lib/system/libsystem_dnssd.dylib
0x000000002afe3000 	/usr/lib/system/libsystem_info.dylib
0x000000002afe3000 	/usr/lib/system/libsystem_m.dylib
0x000000002afe3000 	/usr/lib/system/libsystem_malloc.dylib
0x000000002afe3000 	/usr/lib/system/libsystem_network.dylib
0x000000002afe3000 	/usr/lib/system/libsystem_networkextension.dylib
0x000000002afe3000 	/usr/lib/system/libsystem_notify.dylib
0x000000002afe3000 	/usr/lib/system/libsystem_sandbox.dylib
0x000000002afe3000 	/usr/lib/system/libsystem_secinit.dylib
0x000000002afe3000 	/usr/lib/system/libsystem_kernel.dylib
0x000000002afe3000 	/usr/lib/system/libsystem_platform.dylib
0x000000002afe3000 	/usr/lib/system/libsystem_pthread.dylib
0x000000002afe3000 	/usr/lib/system/libsystem_symptoms.dylib
0x000000002afe3000 	/usr/lib/system/libsystem_trace.dylib
0x000000002afe3000 	/usr/lib/system/libunwind.dylib
0x000000002afe3000 	/usr/lib/system/libxpc.dylib
0x000000002afe3000 	/usr/lib/closure/libclosured.dylib
0x000000002afe3000 	/usr/lib/libbsm.0.dylib
0x000000002afe3000 	/usr/lib/system/libkxld.dylib
0x000000002afe3000 	/usr/lib/libOpenScriptingUtil.dylib
0x000000002afe3000 	/usr/lib/libcoretls.dylib
0x000000002afe3000 	/usr/lib/libcoretls_cfhelpers.dylib
0x000000002afe3000 	/usr/lib/libpam.2.dylib
0x000000002afe3000 	/usr/lib/libsqlite3.dylib
0x000000002afe3000 	/usr/lib/libxar.1.dylib
0x000000002afe3000 	/usr/lib/libbz2.1.0.dylib
0x000000002afe3000 	/usr/lib/liblzma.5.dylib
0x000000002afe3000 	/usr/lib/libnetwork.dylib
0x000000002afe3000 	/usr/lib/libapple_nghttp2.dylib
0x000000002afe3000 	/usr/lib/libpcap.A.dylib
0x000000002afe3000 	/usr/lib/libboringssl.dylib
0x000000002afe3000 	/usr/lib/libusrtcp.dylib
0x000000002afe3000 	/usr/lib/libapple_crypto.dylib
0x000000002afe3000 	/System/Library/Frameworks/CoreServices.framework/Versions/A/Frameworks/FSEvents.framework/Versions/A/FSEvents
0x000000002afe3000 	/System/Library/Frameworks/CoreServices.framework/Versions/A/Frameworks/CarbonCore.framework/Versions/A/CarbonCore
0x000000002afe3000 	/System/Library/Frameworks/CoreServices.framework/Versions/A/Frameworks/Metadata.framework/Versions/A/Metadata
0x000000002afe3000 	/System/Library/Frameworks/CoreServices.framework/Versions/A/Frameworks/OSServices.framework/Versions/A/OSServices
0x000000002afe3000 	/System/Library/Frameworks/CoreServices.framework/Versions/A/Frameworks/SearchKit.framework/Versions/A/SearchKit
0x000000002afe3000 	/System/Library/Frameworks/CoreServices.framework/Versions/A/Frameworks/AE.framework/Versions/A/AE
0x000000002afe3000 	/System/Library/Frameworks/CoreServices.framework/Versions/A/Frameworks/LaunchServices.framework/Versions/A/LaunchServices
0x000000002afe3000 	/System/Library/Frameworks/CoreServices.framework/Versions/A/Frameworks/DictionaryServices.framework/Versions/A/DictionaryServices
0x000000002afe3000 	/System/Library/Frameworks/CoreServices.framework/Versions/A/Frameworks/SharedFileList.framework/Versions/A/SharedFileList
0x000000002afe3000 	/System/Library/Frameworks/NetFS.framework/Versions/A/NetFS
0x000000002afe3000 	/System/Library/PrivateFrameworks/NetAuth.framework/Versions/A/NetAuth
0x000000002afe3000 	/System/Library/PrivateFrameworks/login.framework/Versions/A/Frameworks/loginsupport.framework/Versions/A/loginsupport
0x000000002afe3000 	/System/Library/PrivateFrameworks/TCC.framework/Versions/A/TCC
0x000000002afe3000 	/usr/lib/libmecabra.dylib
0x000000002afe3000 	/System/Library/Frameworks/ApplicationServices.framework/Versions/A/Frameworks/ATS.framework/Versions/A/ATS
0x000000002afe3000 	/System/Library/Frameworks/ApplicationServices.framework/Versions/A/Frameworks/ColorSyncLegacy.framework/Versions/A/ColorSyncLegacy
0x000000002afe3000 	/System/Library/Frameworks/ApplicationServices.framework/Versions/A/Frameworks/HIServices.framework/Versions/A/HIServices
0x000000002afe3000 	/System/Library/Frameworks/ApplicationServices.framework/Versions/A/Frameworks/LangAnalysis.framework/Versions/A/LangAnalysis
0x000000002afe3000 	/System/Library/Frameworks/ApplicationServices.framework/Versions/A/Frameworks/PrintCore.framework/Versions/A/PrintCore
0x000000002afe3000 	/System/Library/Frameworks/ApplicationServices.framework/Versions/A/Frameworks/QD.framework/Versions/A/QD
0x000000002afe3000 	/System/Library/Frameworks/ApplicationServices.framework/Versions/A/Frameworks/SpeechSynthesis.framework/Versions/A/SpeechSynthesis
0x000000002afe3000 	/System/Library/Frameworks/CoreDisplay.framework/Versions/A/CoreDisplay
0x000000002afe3000 	/System/Library/Frameworks/Accelerate.framework/Versions/A/Frameworks/vImage.framework/Versions/A/vImage
0x000000002afe3000 	/System/Library/Frameworks/Accelerate.framework/Versions/A/Frameworks/vecLib.framework/Versions/A/vecLib
0x000000002afe3000 	/System/Library/Frameworks/Accelerate.framework/Versions/A/Frameworks/vecLib.framework/Versions/A/libvDSP.dylib
0x000000002afe3000 	/System/Library/Frameworks/Accelerate.framework/Versions/A/Frameworks/vecLib.framework/Versions/A/libBNNS.dylib
0x000000002afe3000 	/System/Library/Frameworks/Accelerate.framework/Versions/A/Frameworks/vecLib.framework/Versions/A/libQuadrature.dylib
0x000000002afe3000 	/System/Library/Frameworks/Accelerate.framework/Versions/A/Frameworks/vecLib.framework/Versions/A/libvMisc.dylib
0x000000002afe3000 	/System/Library/Frameworks/Accelerate.framework/Versions/A/Frameworks/vecLib.framework/Versions/A/libLAPACK.dylib
0x000000002afe3000 	/System/Library/Frameworks/Accelerate.framework/Versions/A/Frameworks/vecLib.framework/Versions/A/libBLAS.dylib
0x000000002afe3000 	/System/Library/Frameworks/Accelerate.framework/Versions/A/Frameworks/vecLib.framework/Versions/A/libLinearAlgebra.dylib
0x000000002afe3000 	/System/Library/Frameworks/Accelerate.framework/Versions/A/Frameworks/vecLib.framework/Versions/A/libSparse.dylib
0x000000002afe3000 	/System/Library/Frameworks/Accelerate.framework/Versions/A/Frameworks/vecLib.framework/Versions/A/libSparseBLAS.dylib
0x000000002afe3000 	/System/Library/PrivateFrameworks/GPUWrangler.framework/Versions/A/GPUWrangler
0x000000002afe3000 	/System/Library/PrivateFrameworks/IOAccelerator.framework/Versions/A/IOAccelerator
0x000000002afe3000 	/System/Library/PrivateFrameworks/IOPresentment.framework/Versions/A/IOPresentment
0x000000002afe3000 	/System/Library/PrivateFrameworks/DSExternalDisplay.framework/Versions/A/DSExternalDisplay
0x000000002afe3000 	/System/Library/Frameworks/OpenGL.framework/Versions/A/Libraries/libCoreFSCache.dylib
0x000000002afe3000 	/System/Library/Frameworks/CoreVideo.framework/Versions/A/CoreVideo
0x000000002afe3000 	/System/Library/PrivateFrameworks/GraphVisualizer.framework/Versions/A/GraphVisualizer
0x000000002afe3000 	/System/Library/Frameworks/MetalPerformanceShaders.framework/Versions/A/MetalPerformanceShaders
0x000000002afe3000 	/usr/lib/libFosl_dynamic.dylib
0x000000002afe3000 	/System/Library/PrivateFrameworks/FaceCore.framework/Versions/A/FaceCore
0x000000002afe3000 	/System/Library/Frameworks/OpenCL.framework/Versions/A/OpenCL
0x000000002afe3000 	/usr/lib/libcompression.dylib
0x000000002afe3000 	/System/Library/Frameworks/ApplicationServices.framework/Versions/A/Frameworks/ATS.framework/Versions/A/Resources/libFontParser.dylib
0x000000002afe3000 	/System/Library/Frameworks/ApplicationServices.framework/Versions/A/Frameworks/ATS.framework/Versions/A/Resources/libFontRegistry.dylib
0x000000002afe3000 	/System/Library/Frameworks/ImageIO.framework/Versions/A/Resources/libJPEG.dylib
0x000000002afe3000 	/System/Library/Frameworks/ImageIO.framework/Versions/A/Resources/libTIFF.dylib
0x000000002afe3000 	/System/Library/Frameworks/ImageIO.framework/Versions/A/Resources/libPng.dylib
0x000000002afe3000 	/System/Library/Frameworks/ImageIO.framework/Versions/A/Resources/libGIF.dylib
0x000000002afe3000 	/System/Library/Frameworks/ImageIO.framework/Versions/A/Resources/libJP2.dylib
0x000000002afe3000 	/System/Library/Frameworks/ImageIO.framework/Versions/A/Resources/libRadiance.dylib
0x000000002afe3000 	/System/Library/PrivateFrameworks/AppleJPEG.framework/Versions/A/AppleJPEG
0x000000002afe3000 	/System/Library/Frameworks/MetalPerformanceShaders.framework/Frameworks/MPSCore.framework/Versions/A/MPSCore
0x000000002afe3000 	/System/Library/Frameworks/MetalPerformanceShaders.framework/Frameworks/MPSImage.framework/Versions/A/MPSImage
0x000000002afe3000 	/System/Library/Frameworks/MetalPerformanceShaders.framework/Frameworks/MPSNeuralNetwork.framework/Versions/A/MPSNeuralNetwork
0x000000002afe3000 	/System/Library/Frameworks/MetalPerformanceShaders.framework/Frameworks/MPSMatrix.framework/Versions/A/MPSMatrix
0x000000002afe3000 	/System/Library/PrivateFrameworks/MetalTools.framework/Versions/A/MetalTools
0x000000002afe3000 	/System/Library/Frameworks/OpenGL.framework/Versions/A/Libraries/libGLU.dylib
0x000000002afe3000 	/System/Library/Frameworks/OpenGL.framework/Versions/A/Libraries/libGFXShared.dylib
0x000000002afe3000 	/System/Library/Frameworks/OpenGL.framework/Versions/A/Libraries/libGL.dylib
0x000000002afe3000 	/System/Library/Frameworks/OpenGL.framework/Versions/A/Libraries/libGLImage.dylib
0x000000002afe3000 	/System/Library/Frameworks/OpenGL.framework/Versions/A/Libraries/libCVMSPluginSupport.dylib
0x000000002afe3000 	/System/Library/Frameworks/OpenGL.framework/Versions/A/Libraries/libCoreVMClient.dylib
0x000000002afe3000 	/usr/lib/libcups.2.dylib
0x000000002afe3000 	/System/Library/Frameworks/Kerberos.framework/Versions/A/Kerberos
0x000000002afe3000 	/System/Library/Frameworks/GSS.framework/Versions/A/GSS
0x000000002afe3000 	/usr/lib/libresolv.9.dylib
0x000000002afe3000 	/usr/lib/libiconv.2.dylib
0x000000002afe3000 	/System/Library/PrivateFrameworks/Heimdal.framework/Versions/A/Heimdal
0x000000002afe3000 	/usr/lib/libheimdal-asn1.dylib
0x000000002afe3000 	/System/Library/Frameworks/OpenDirectory.framework/Versions/A/OpenDirectory
0x000000002afe3000 	/System/Library/PrivateFrameworks/CommonAuth.framework/Versions/A/CommonAuth
0x000000002afe3000 	/System/Library/Frameworks/OpenDirectory.framework/Versions/A/Frameworks/CFOpenDirectory.framework/Versions/A/CFOpenDirectory
0x000000002afe3000 	/System/Library/Frameworks/SecurityFoundation.framework/Versions/A/SecurityFoundation
0x000000002afe3000 	/System/Library/PrivateFrameworks/APFS.framework/Versions/A/APFS
0x000000002afe3000 	/usr/lib/libutil.dylib
0x000000002afe3000 	/System/Library/PrivateFrameworks/AppleSauce.framework/Versions/A/AppleSauce
0x000000002afe3000 	/System/Library/PrivateFrameworks/LinguisticData.framework/Versions/A/LinguisticData
0x000000002afe3000 	/usr/lib/libmarisa.dylib
0x000000002afe3000 	/System/Library/PrivateFrameworks/Lexicon.framework/Versions/A/Lexicon
0x000000002afe3000 	/usr/lib/libChineseTokenizer.dylib
0x000000002afe3000 	/usr/lib/libcmph.dylib
0x000000002afe3000 	/System/Library/PrivateFrameworks/LanguageModeling.framework/Versions/A/LanguageModeling
0x000000002afe3000 	/System/Library/PrivateFrameworks/CoreEmoji.framework/Versions/A/CoreEmoji
0x000000002afe3000 	/System/Library/Frameworks/ServiceManagement.framework/Versions/A/ServiceManagement
0x000000002afe3000 	/System/Library/PrivateFrameworks/BackgroundTaskManagement.framework/Versions/A/BackgroundTaskManagement
0x000000002afe3000 	/usr/lib/libxslt.1.dylib
0x000000002afe3000 	/System/Library/Frameworks/Carbon.framework/Versions/A/Frameworks/Ink.framework/Versions/A/Ink
0x000000002afe3000 	/System/Library/PrivateFrameworks/TextureIO.framework/Versions/A/TextureIO
0x000000002afe3000 	/usr/lib/libate.dylib
0x000000002afe3000 	/System/Library/PrivateFrameworks/CrashReporterSupport.framework/Versions/A/CrashReporterSupport
0x000000002afe3000 	/System/Library/PrivateFrameworks/Sharing.framework/Versions/A/Sharing
0x000000002afe3000 	/System/Library/PrivateFrameworks/IconServices.framework/Versions/A/IconServices
0x000000002afe3000 	/System/Library/PrivateFrameworks/Apple80211.framework/Versions/A/Apple80211
0x000000002afe3000 	/System/Library/PrivateFrameworks/CoreUtils.framework/Versions/A/CoreUtils
0x000000002afe3000 	/System/Library/Frameworks/CoreWLAN.framework/Versions/A/CoreWLAN
0x000000002afe3000 	/System/Library/Frameworks/IOBluetooth.framework/Versions/A/IOBluetooth
0x000000002afe3000 	/System/Library/PrivateFrameworks/ProtocolBuffer.framework/Versions/A/ProtocolBuffer
0x000000002afe3000 	/System/Library/PrivateFrameworks/CoreWiFi.framework/Versions/A/CoreWiFi
0x000000002afe3000 	/System/Library/Frameworks/CoreBluetooth.framework/Versions/A/CoreBluetooth
0x000000002afe3000 	/System/Library/PrivateFrameworks/DebugSymbols.framework/Versions/A/DebugSymbols
0x000000002afe3000 	/System/Library/PrivateFrameworks/CoreSymbolication.framework/Versions/A/CoreSymbolication
0x000000002afe3000 	/System/Library/PrivateFrameworks/Symbolication.framework/Versions/A/Symbolication
0x000000002afe3000 	/System/Library/PrivateFrameworks/AppleFSCompression.framework/Versions/A/AppleFSCompression
0x000000002afe3000 	/System/Library/PrivateFrameworks/SpeechRecognitionCore.framework/Versions/A/SpeechRecognitionCore
0x0000000106c00000 	/Library/Java/JavaVirtualMachines/jdk1.8.0_73.jdk/Contents/Home/jre/lib/server/libjvm.dylib
0x000000002afe3000 	/usr/lib/libstdc++.6.0.9.dylib
0x0000000105bb8000 	/Library/Java/JavaVirtualMachines/jdk1.8.0_73.jdk/Contents/Home/jre/lib/libverify.dylib
0x0000000105bc6000 	/Library/Java/JavaVirtualMachines/jdk1.8.0_73.jdk/Contents/Home/jre/lib/libjava.dylib
0x0000000107b8d000 	/Library/Java/JavaVirtualMachines/jdk1.8.0_73.jdk/Contents/Home/jre/lib/libjdwp.dylib
0x0000000105bfc000 	/Library/Java/JavaVirtualMachines/jdk1.8.0_73.jdk/Contents/Home/jre/lib/libnpt.dylib
0x0000000107c21000 	/Library/Java/JavaVirtualMachines/jdk1.8.0_73.jdk/Contents/Home/jre/lib/libzip.dylib
0x000000002afe3000 	/System/Library/Frameworks/JavaVM.framework/Versions/A/Frameworks/JavaRuntimeSupport.framework/Versions/A/JavaRuntimeSupport
0x000000002afe3000 	/System/Library/Frameworks/JavaVM.framework/Versions/A/Frameworks/JavaNativeFoundation.framework/Versions/A/JavaNativeFoundation
0x000000002afe3000 	/System/Library/Frameworks/JavaVM.framework/Versions/A/JavaVM
0x000000002afe3000 	/System/Library/Frameworks/Carbon.framework/Versions/A/Carbon
0x000000002afe3000 	/System/Library/PrivateFrameworks/JavaLaunching.framework/Versions/A/JavaLaunching
0x000000002afe3000 	/System/Library/Frameworks/Carbon.framework/Versions/A/Frameworks/CommonPanels.framework/Versions/A/CommonPanels
0x000000002afe3000 	/System/Library/Frameworks/Carbon.framework/Versions/A/Frameworks/Help.framework/Versions/A/Help
0x000000002afe3000 	/System/Library/Frameworks/Carbon.framework/Versions/A/Frameworks/ImageCapture.framework/Versions/A/ImageCapture
0x000000002afe3000 	/System/Library/Frameworks/Carbon.framework/Versions/A/Frameworks/OpenScripting.framework/Versions/A/OpenScripting
0x000000002afe3000 	/System/Library/Frameworks/Carbon.framework/Versions/A/Frameworks/Print.framework/Versions/A/Print
0x000000002afe3000 	/System/Library/Frameworks/Carbon.framework/Versions/A/Frameworks/SecurityHI.framework/Versions/A/SecurityHI
0x0000000111f24000 	/Library/Java/JavaVirtualMachines/jdk1.8.0_73.jdk/Contents/Home/jre/lib/libdt_socket.dylib
0x00000001248a7000 	/Library/Java/JavaVirtualMachines/jdk1.8.0_73.jdk/Contents/Home/jre/lib/libnio.dylib
0x00000001248b7000 	/Library/Java/JavaVirtualMachines/jdk1.8.0_73.jdk/Contents/Home/jre/lib/./libnet.dylib
0x0000000124916000 	/private/var/folders/pr/0jn1k71j0jz69nq_0_qwm1tm0000gp/T/lwjglbriangussiaas/3.1.6-build-14/liblwjgl.dylib
0x0000000124bc5000 	/var/folders/pr/0jn1k71j0jz69nq_0_qwm1tm0000gp/T/lwjglbriangussiaas/3.1.6-build-14/libglfw.dylib
0x000000002afe3000 	/System/Library/PrivateFrameworks/CoreServicesInternal.framework/Versions/A/CoreServicesInternal
0x000000002afe3000 	/System/Library/PrivateFrameworks/FamilyControls.framework/Versions/A/FamilyControls
0x000000002afe3000 	/System/Library/PrivateFrameworks/CommerceKit.framework/Versions/A/Frameworks/CommerceCore.framework/Versions/A/CommerceCore
0x000000002afe3000 	/System/Library/PrivateFrameworks/SystemAdministration.framework/Versions/A/SystemAdministration
0x000000002afe3000 	/System/Library/PrivateFrameworks/AppContainer.framework/Versions/A/AppContainer
0x000000002afe3000 	/System/Library/PrivateFrameworks/SecCodeWrapper.framework/Versions/A/SecCodeWrapper
0x000000002afe3000 	/System/Library/PrivateFrameworks/DiskManagement.framework/Versions/A/DiskManagement
0x000000002afe3000 	/System/Library/Frameworks/DirectoryService.framework/Versions/A/DirectoryService
0x000000002afe3000 	/System/Library/PrivateFrameworks/DiskImages.framework/Versions/A/DiskImages
0x000000002afe3000 	/System/Library/PrivateFrameworks/LoginUIKit.framework/Versions/A/Frameworks/LoginUICore.framework/Versions/A/LoginUICore
0x000000002afe3000 	/usr/lib/libCoreStorage.dylib
0x000000002afe3000 	/usr/lib/libcsfde.dylib
0x000000002afe3000 	/usr/lib/libodfde.dylib
0x000000002afe3000 	/System/Library/PrivateFrameworks/MediaKit.framework/Versions/A/MediaKit
0x000000002afe3000 	/System/Library/Frameworks/DiscRecording.framework/Versions/A/DiscRecording
0x000000002afe3000 	/System/Library/PrivateFrameworks/EFILogin.framework/Versions/A/EFILogin
0x000000002afe3000 	/System/Library/PrivateFrameworks/ProtectedCloudStorage.framework/Versions/A/ProtectedCloudStorage
0x000000002afe3000 	/usr/lib/libcurl.4.dylib
0x000000002afe3000 	/usr/lib/libcrypto.35.dylib
0x000000002afe3000 	/usr/lib/libssl.35.dylib
0x000000002afe3000 	/System/Library/Frameworks/LDAP.framework/Versions/A/LDAP
0x000000002afe3000 	/System/Library/PrivateFrameworks/TrustEvaluationAgent.framework/Versions/A/TrustEvaluationAgent
0x000000002afe3000 	/usr/lib/libsasl2.2.dylib
0x000000002afe3000 	/System/Library/PrivateFrameworks/CoreDaemon.framework/Versions/B/CoreDaemon
0x000000002afe3000 	/System/Library/PrivateFrameworks/AppleSRP.framework/Versions/A/AppleSRP
0x000000002afe3000 	/System/Library/Frameworks/ApplicationServices.framework/Versions/A/Frameworks/ATS.framework/Versions/A/Resources/libTrueTypeScaler.dylib
0x000000002afe3000 	/System/Library/Frameworks/Accelerate.framework/Versions/A/Frameworks/vImage.framework/Versions/A/Libraries/libCGInterfaces.dylib
0x000000002afe3000 	/System/Library/Frameworks/OpenGL.framework/Versions/A/Resources/GLEngine.bundle/GLEngine
0x000000002afe3000 	/System/Library/Frameworks/OpenGL.framework/Versions/A/Libraries/libGLProgrammability.dylib
0x0000000126b58000 	/System/Library/Extensions/AppleIntelHD5000GraphicsGLDriver.bundle/Contents/MacOS/AppleIntelHD5000GraphicsGLDriver
0x000000002afe3000 	/System/Library/PrivateFrameworks/GPUSupport.framework/Versions/A/Libraries/libGPUSupportMercury.dylib
0x000000002afe3000 	/System/Library/Frameworks/OpenGL.framework/Versions/A/Resources/GLRendererFloat.bundle/GLRendererFloat
0x000000002afe3000 	/System/Library/Frameworks/OpenCL.framework/Versions/A/Libraries/libcldcpuengine.dylib
0x0000000127aa7000 	/var/folders/pr/0jn1k71j0jz69nq_0_qwm1tm0000gp/T/lwjglbriangussiaas/3.1.6-build-14/libjemalloc.dylib
0x0000000124b6c000 	/private/var/folders/pr/0jn1k71j0jz69nq_0_qwm1tm0000gp/T/lwjglbriangussiaas/3.1.6-build-14/liblwjgl_opengl.dylib

VM Arguments:
jvm_args: -agentlib:jdwp=transport=dt_socket,suspend=y,address=localhost:52430 -Dfile.encoding=UTF-8 
java_command: com.gussiaas.window.main.Window -XstartOnFirstThread
java_class_path (initial): /Users/briangussiaas/openGL/OpenGL/coloredtriangle/bin:/Users/briangussiaas/openGL/OpenGL/coloredtriangle/lib/lwjgl-assimp-javadoc.jar:/Users/briangussiaas/openGL/OpenGL/coloredtriangle/lib/lwjgl-assimp-natives-macos.jar:/Users/briangussiaas/openGL/OpenGL/coloredtriangle/lib/lwjgl-assimp-sources.jar:/Users/briangussiaas/openGL/OpenGL/coloredtriangle/lib/lwjgl-assimp.jar:/Users/briangussiaas/openGL/OpenGL/coloredtriangle/lib/lwjgl-bgfx-javadoc.jar:/Users/briangussiaas/openGL/OpenGL/coloredtriangle/lib/lwjgl-bgfx-natives-macos.jar:/Users/briangussiaas/openGL/OpenGL/coloredtriangle/lib/lwjgl-bgfx-sources.jar:/Users/briangussiaas/openGL/OpenGL/coloredtriangle/lib/lwjgl-bgfx.jar:/Users/briangussiaas/openGL/OpenGL/coloredtriangle/lib/lwjgl-egl-javadoc.jar:/Users/briangussiaas/openGL/OpenGL/coloredtriangle/lib/lwjgl-egl-sources.jar:/Users/briangussiaas/openGL/OpenGL/coloredtriangle/lib/lwjgl-egl.jar:/Users/briangussiaas/openGL/OpenGL/coloredtriangle/lib/lwjgl-glfw-javadoc.jar:/Users/briangussiaas/openGL/OpenGL/coloredtriangle/lib/lwjgl-glfw-natives-macos.jar:/Users/briangussiaas/openGL/OpenGL/coloredtriangle/lib/lwjgl-glfw-sources.jar:/Users/briangussiaas/openGL/OpenGL/coloredtriangle/lib/lwjgl-glfw.jar:/Users/briangussiaas/openGL/OpenGL/coloredtriangle/lib/lwjgl-javadoc.jar:/Users/briangussiaas/openGL/OpenGL/coloredtriangle/lib/lwjgl-jawt-javadoc.jar:/Users/briangussiaas/openGL/OpenGL/coloredtriangle/lib/lwjgl-jawt-sources.jar:/Users/briangussiaas/openGL/OpenGL/coloredtriangle/lib/lwjgl-jawt.jar:/Users/briangussiaas/openGL/OpenGL/coloredtriangle/lib/lwjgl-jemalloc-javadoc.jar:/Users/briangussiaas/openGL/OpenGL/coloredtriangle/lib/lwjgl-jemalloc-natives-macos.jar:/Users/briangussiaas/openGL/OpenGL/coloredtriangle/lib/lwjgl-jemalloc-sources.jar:/Users/briangussiaas/openGL/OpenGL/coloredtriangle/lib/lwjgl-jemalloc.jar:/Users/briangussiaas/openGL/OpenGL/coloredtriangle/lib/lwjgl-lmdb-javadoc.jar:/Users/briangussiaas/openGL/OpenGL/coloredtriangle/l
Launcher Type: SUN_STANDARD

Environment Variables:
PATH=/usr/bin:/bin:/usr/sbin:/sbin
SHELL=/bin/bash

Signal Handlers:
SIGSEGV: [libjvm.dylib+0x5a71a5], sa_mask[0]=11111111011111110111111111111111, sa_flags=SA_ONSTACK|SA_RESTART|SA_SIGINFO
SIGBUS: [libjvm.dylib+0x5a71a5], sa_mask[0]=11111111011111110111111111111111, sa_flags=SA_RESTART|SA_SIGINFO
SIGFPE: [libjvm.dylib+0x480eb4], sa_mask[0]=11111111011111110111111111111111, sa_flags=SA_RESTART|SA_SIGINFO
SIGPIPE: [libjvm.dylib+0x480eb4], sa_mask[0]=11111111011111110111111111111111, sa_flags=SA_RESTART|SA_SIGINFO
SIGXFSZ: [libjvm.dylib+0x480eb4], sa_mask[0]=11111111011111110111111111111111, sa_flags=SA_RESTART|SA_SIGINFO
SIGILL: [libjvm.dylib+0x480eb4], sa_mask[0]=11111111011111110111111111111111, sa_flags=SA_RESTART|SA_SIGINFO
SIGUSR1: SIG_DFL, sa_mask[0]=00000000000000000000000000000000, sa_flags=none
SIGUSR2: [libjvm.dylib+0x4809d2], sa_mask[0]=00100000000000000000000000000000, sa_flags=SA_RESTART|SA_SIGINFO
SIGHUP: [libjvm.dylib+0x47efa9], sa_mask[0]=11111111011111110111111111111111, sa_flags=SA_RESTART|SA_SIGINFO
SIGINT: [libjvm.dylib+0x47efa9], sa_mask[0]=11111111011111110111111111111111, sa_flags=SA_RESTART|SA_SIGINFO
SIGTERM: [libjvm.dylib+0x47efa9], sa_mask[0]=11111111011111110111111111111111, sa_flags=SA_RESTART|SA_SIGINFO
SIGQUIT: [libjvm.dylib+0x47efa9], sa_mask[0]=11111111011111110111111111111111, sa_flags=SA_RESTART|SA_SIGINFO


---------------  S Y S T E M  ---------------

OS:Bsduname:Darwin 17.6.0 Darwin Kernel Version 17.6.0: Tue May  8 15:22:16 PDT 2018; root:xnu-4570.61.1~1/RELEASE_X86_64 x86_64
rlimit: STACK 8192k, CORE 0k, NPROC 1418, NOFILE 10240, AS infinity
load average:3.38 3.77 3.93

CPU:total 8 (4 cores per cpu, 2 threads per core) family 6 model 70 stepping 1, cmov, cx8, fxsr, mmx, sse, sse2, sse3, ssse3, sse4.1, sse4.2, popcnt, avx, avx2, aes, clmul, erms, lzcnt, ht, tsc, tscinvbit, bmi1, bmi2

Memory: 4k page, physical 16777216k(18848k free)

/proc/meminfo:


vm_info: Java HotSpot(TM) 64-Bit Server VM (25.73-b02) for bsd-amd64 JRE (1.8.0_73-b02), built on Jan 29 2016 15:02:00 by "java_re" with gcc 4.2.1 (Based on Apple Inc. build 5658) (LLVM build 2336.11.00)

time: Fri Jul  6 16:29:56 2018
elapsed time: 30 seconds (0d 0h 0m 30s)

